<?xml version="1.0" encoding="UTF-8"?>
<!-- Generated by org.testng.reporters.JUnitReportReporter -->
<testsuite hostname="LAPTOP-ION7102N" failures="0" tests="4" name="test.classes.Verify_gamesearch" time="42.688" errors="0" timestamp="2025-02-21T12:12:42 IST" skipped="0">
  <testcase classname="test.classes.Verify_gamesearch" name="beforelogingamesearch" time="8.000"/>
  <testcase classname="test.classes.Verify_gamesearch" name="beforelogin" time="7.699"/>
  <testcase classname="test.classes.Verify_gamesearch" name="afterloginhomepage" time="22.031"/>
  <testcase classname="test.classes.Verify_gamesearch" name="afterloginallgamessearch" time="4.958"/>
</testsuite> <!-- test.classes.Verify_gamesearch -->
