<?xml version="1.0" encoding="UTF-8"?>
<testng-results ignored="0" total="1" passed="1" failed="0" skipped="0">
  <reporter-output>
  </reporter-output>
  <suite started-at="2025-01-23T14:48:56 IST" name="Default suite" finished-at="2025-01-23T14:49:20 IST" duration-ms="24691">
    <groups>
    </groups>
    <test started-at="2025-01-23T14:48:56 IST" name="Default test" finished-at="2025-01-23T14:49:20 IST" duration-ms="24691">
      <class name="test.classes.Verify_categorycount">
        <test-method is-config="true" signature="setup()[pri:0, instance:test.classes.Verify_categorycount@7a8c8dcf]" started-at="2025-01-23T14:48:56 IST" name="setup" finished-at="2025-01-23T14:49:12 IST" duration-ms="16359" status="PASS">
          <reporter-output>
          </reporter-output>
        </test-method> <!-- setup -->
        <test-method signature="category()[pri:0, instance:test.classes.Verify_categorycount@7a8c8dcf]" started-at="2025-01-23T14:49:12 IST" name="category" finished-at="2025-01-23T14:49:20 IST" duration-ms="8215" status="PASS">
          <reporter-output>
          </reporter-output>
        </test-method> <!-- category -->
      </class> <!-- test.classes.Verify_categorycount -->
    </test> <!-- Default test -->
  </suite> <!-- Default suite -->
</testng-results>
