<?xml version="1.0" encoding="UTF-8"?>
<testng-results ignored="0" total="1" passed="1" failed="0" skipped="0">
  <reporter-output>
  </reporter-output>
  <suite started-at="2025-02-28T17:23:38 IST" name="Default suite" finished-at="2025-02-28T17:24:12 IST" duration-ms="34871">
    <groups>
    </groups>
    <test started-at="2025-02-28T17:23:38 IST" name="Default test" finished-at="2025-02-28T17:24:12 IST" duration-ms="34871">
      <class name="test.classes.Verify_Allprovider">
        <test-method is-config="true" signature="setup()[pri:0, instance:test.classes.Verify_Allprovider@7bedc48a]" started-at="2025-02-28T17:23:38 IST" name="setup" finished-at="2025-02-28T17:24:00 IST" duration-ms="21838" status="PASS">
          <reporter-output>
          </reporter-output>
        </test-method> <!-- setup -->
        <test-method signature="allprovider()[pri:0, instance:test.classes.Verify_Allprovider@7bedc48a]" started-at="2025-02-28T17:24:00 IST" name="allprovider" finished-at="2025-02-28T17:24:12 IST" duration-ms="12898" status="PASS">
          <reporter-output>
          </reporter-output>
        </test-method> <!-- allprovider -->
        <test-method is-config="true" signature="teardown()[pri:0, instance:test.classes.Verify_Allprovider@7bedc48a]" started-at="2025-02-28T17:24:12 IST" name="teardown" finished-at="2025-02-28T17:24:12 IST" duration-ms="0" status="PASS">
          <reporter-output>
          </reporter-output>
        </test-method> <!-- teardown -->
      </class> <!-- test.classes.Verify_Allprovider -->
    </test> <!-- Default test -->
  </suite> <!-- Default suite -->
</testng-results>
