<?xml version="1.0" encoding="UTF-8"?>
<testng-results ignored="0" total="1" passed="1" failed="0" skipped="0">
  <reporter-output>
  </reporter-output>
  <suite started-at="2025-07-28T22:28:26 IST" name="Default suite" finished-at="2025-07-28T22:29:17 IST" duration-ms="50394">
    <groups>
    </groups>
    <test started-at="2025-07-28T22:28:26 IST" name="Default test" finished-at="2025-07-28T22:29:17 IST" duration-ms="50394">
      <class name="test.classes.Verify_Refferallink">
        <test-method is-config="true" signature="setup()[pri:0, instance:test.classes.Verify_Refferallink@2df3b89c]" started-at="2025-07-28T22:28:26 IST" name="setup" finished-at="2025-07-28T22:28:40 IST" duration-ms="13740" status="PASS">
          <reporter-output>
          </reporter-output>
        </test-method> <!-- setup -->
        <test-method signature="referallinkmenthod()[pri:0, instance:test.classes.Verify_Refferallink@2df3b89c]" started-at="2025-07-28T22:28:40 IST" name="referallinkmenthod" finished-at="2025-07-28T22:29:16 IST" duration-ms="35680" status="PASS">
          <reporter-output>
          </reporter-output>
        </test-method> <!-- referallinkmenthod -->
        <test-method is-config="true" signature="teardown()[pri:0, instance:test.classes.Verify_Refferallink@2df3b89c]" started-at="2025-07-28T22:29:16 IST" name="teardown" finished-at="2025-07-28T22:29:17 IST" duration-ms="809" status="PASS">
          <reporter-output>
          </reporter-output>
        </test-method> <!-- teardown -->
      </class> <!-- test.classes.Verify_Refferallink -->
    </test> <!-- Default test -->
  </suite> <!-- Default suite -->
</testng-results>
