<?xml version="1.0" encoding="UTF-8"?>
<!-- Generated by org.testng.reporters.JUnitXMLReporter -->
<testsuite ignored="0" hostname="LAPTOP-ION7102N" failures="0" tests="14" name="Test" time="797.052" errors="0" timestamp="2025-03-26T14:34:57 IST">
  <testcase classname="test.classes.Registration_page_changes" name="registratiopagechange" time="66.069"/>
  <testcase classname="test.classes.Verify_Loginfunctionailty" name="loginfunctionality" time="42.951"/>
  <testcase classname="test.classes.Verify_Logoutfunctionailty" name="logoutfunctionailty" time="38.22"/>
  <testcase classname="test.classes.Verify_allpages" name="clickallpages" time="107.741"/>
  <testcase classname="test.classes.Verify_gamesearch" name="beforelogingamesearch" time="6.124"/>
  <testcase classname="test.classes.Verify_gamesearch" name="beforelogin" time="8.042"/>
  <testcase classname="test.classes.Verify_gamesearch" name="afterloginhomepage" time="21.384"/>
  <testcase classname="test.classes.Verify_gamesearch" name="afterloginallgamessearch" time="5.161"/>
  <testcase classname="test.classes.Verify_Allgamecategory" name="Allgamecategory" time="11.379"/>
  <testcase classname="test.classes.Verify_Allgamecategory" name="clickallcategorysearch" time="218.631"/>
  <testcase classname="test.classes.Verify_Languagechange" name="languagechange" time="36.24"/>
  <testcase classname="test.classes.Verify_Darkandlightmode" name="darklightmodeprovider" time="14.12"/>
  <testcase classname="test.classes.Verify_Allprovider" name="allprovider" time="12.505"/>
  <testcase classname="test.classes.Verify_categorycount" name="category" time="56.391"/>
</testsuite> <!-- Test -->
