<?xml version="1.0" encoding="UTF-8"?>
<!-- Generated by org.testng.reporters.JUnitReportReporter -->
<testsuite hostname="LAPTOP-ION7102N" failures="0" tests="2" name="test.classes.Verify_Allgamecategory" time="227.278" errors="0" timestamp="2025-03-03T17:37:52 IST" skipped="0">
  <testcase classname="test.classes.Verify_Allgamecategory" name="Allgamecategory" time="11.174"/>
  <testcase classname="test.classes.Verify_Allgamecategory" name="clickallcategorysearch" time="216.104"/>
</testsuite> <!-- test.classes.Verify_Allgamecategory -->
