<?xml version="1.0" encoding="UTF-8"?>
<!-- Generated by org.testng.reporters.JUnitReportReporter -->
<testsuite hostname="LAPTOP-ION7102N" failures="0" tests="4" name="test.classes.Verify_gamesearch" time="43.546" errors="0" timestamp="2025-03-03T16:56:29 IST" skipped="0">
  <testcase classname="test.classes.Verify_gamesearch" name="beforelogingamesearch" time="5.858"/>
  <testcase classname="test.classes.Verify_gamesearch" name="beforelogin" time="7.554"/>
  <testcase classname="test.classes.Verify_gamesearch" name="afterloginhomepage" time="25.362"/>
  <testcase classname="test.classes.Verify_gamesearch" name="afterloginallgamessearch" time="4.772"/>
</testsuite> <!-- test.classes.Verify_gamesearch -->
