<?xml version="1.0" encoding="UTF-8"?>
<!-- Generated by org.testng.reporters.JUnitReportReporter -->
<testsuite hostname="LAPTOP-ION7102N" failures="0" tests="2" name="test.classes.Verify_Darkandlightmode" time="45.356" errors="0" timestamp="2025-03-03T16:56:29 IST" skipped="0">
  <testcase classname="test.classes.Verify_Darkandlightmode" name="darklightmodeprovider" time="15.572"/>
  <testcase classname="test.classes.Verify_Darkandlightmode" name="darklightjackpot" time="29.784"/>
</testsuite> <!-- test.classes.Verify_Darkandlightmode -->
