<?xml version="1.0" encoding="UTF-8"?>
<!-- Generated by org.testng.reporters.JUnitReportReporter -->
<testsuite hostname="LAPTOP-ION7102N" failures="0" tests="2" name="test.classes.Verify_Allgamecategory" time="224.960" errors="0" timestamp="2025-02-21T12:54:47 IST" skipped="0">
  <testcase classname="test.classes.Verify_Allgamecategory" name="Allgamecategory" time="7.434"/>
  <testcase classname="test.classes.Verify_Allgamecategory" name="clickallcategorysearch" time="217.526"/>
</testsuite> <!-- test.classes.Verify_Allgamecategory -->
