<?xml version="1.0" encoding="UTF-8"?>
<!-- Generated by org.testng.reporters.JUnitReportReporter -->
<testsuite hostname="LAPTOP-ION7102N" failures="0" tests="4" name="test.classes.Verify_gamesearch" time="40.711" errors="0" timestamp="2025-03-26T14:34:58 IST" skipped="0">
  <testcase classname="test.classes.Verify_gamesearch" name="beforelogingamesearch" time="6.124"/>
  <testcase classname="test.classes.Verify_gamesearch" name="beforelogin" time="8.042"/>
  <testcase classname="test.classes.Verify_gamesearch" name="afterloginhomepage" time="21.384"/>
  <testcase classname="test.classes.Verify_gamesearch" name="afterloginallgamessearch" time="5.161"/>
</testsuite> <!-- test.classes.Verify_gamesearch -->
