<?xml version="1.0" encoding="UTF-8"?>
<!-- Generated by org.testng.reporters.JUnitReportReporter -->
<testsuite hostname="LAPTOP-ION7102N" failures="0" tests="2" name="test.classes.Verify_Darkandlightmode" time="97.122" errors="0" timestamp="2025-02-26T15:46:21 IST" skipped="0">
  <testcase classname="test.classes.Verify_Darkandlightmode" name="darklightmodeprovider" time="16.042"/>
  <testcase classname="test.classes.Verify_Darkandlightmode" name="darklightjackpot" time="81.080"/>
</testsuite> <!-- test.classes.Verify_Darkandlightmode -->
