<?xml version="1.0" encoding="UTF-8"?>
<!-- Generated by org.testng.reporters.JUnitXMLReporter -->
<testsuite ignored="0" hostname="LAPTOP-ION7102N" failures="0" tests="3" name="Test" time="149.934" errors="0" timestamp="2024-09-12T17:35:09 IST">
  <testcase classname="test.classes.Verify_Playercount" name="playercount" time="32.532"/>
  <testcase classname="test.classes.Verify_Registerplayer" name="registerplayer" time="30.099"/>
  <testcase classname="test.classes.Verify_Playercount2" name="playercount" time="31.911"/>
</testsuite> <!-- Test -->
